2025-07-08 14:26:11 [main] INFO  com.cgproject.tourguide.backend.BackendApplication - Starting BackendApplication using Java 21.0.7 with PID 10588 (C:\Users\melih\IdeaProjects\TourPlanner\target\classes started by melih in C:\Users\melih\IdeaProjects\TourPlanner)
2025-07-08 14:26:11 [main] DEBUG com.cgproject.tourguide.backend.BackendApplication - Running with Spring Boot v3.2.6, Spring v6.1.8
2025-07-08 14:26:11 [main] INFO  com.cgproject.tourguide.backend.BackendApplication - No active profile set, falling back to 1 default profile: "default"
2025-07-08 14:26:12 [main] INFO  org.springframework.data.repository.config.RepositoryConfigurationDelegate - Bootstrapping Spring Data JPA repositories in DEFAULT mode.
2025-07-08 14:26:12 [main] INFO  org.springframework.data.repository.config.RepositoryConfigurationDelegate - Finished Spring Data repository scanning in 50 ms. Found 2 JPA repository interfaces.
2025-07-08 14:26:12 [main] INFO  org.springframework.boot.web.embedded.tomcat.TomcatWebServer - Tomcat initialized with port 8080 (http)
2025-07-08 14:26:12 [main] INFO  org.springframework.boot.web.servlet.context.ServletWebServerApplicationContext - Root WebApplicationContext: initialization completed in 1229 ms
2025-07-08 14:26:13 [main] INFO  org.springframework.orm.jpa.persistenceunit.SpringPersistenceUnitInfo - No LoadTimeWeaver setup: ignoring JPA class transformer
2025-07-08 14:26:14 [main] INFO  org.springframework.orm.jpa.LocalContainerEntityManagerFactoryBean - Initialized JPA EntityManagerFactory for persistence unit 'default'
2025-07-08 14:26:15 [main] WARN  org.springframework.boot.autoconfigure.orm.jpa.JpaBaseConfiguration$JpaWebConfiguration - spring.jpa.open-in-view is enabled by default. Therefore, database queries may be performed during view rendering. Explicitly configure spring.jpa.open-in-view to disable this warning
2025-07-08 14:26:15 [main] INFO  org.springframework.boot.web.embedded.tomcat.TomcatWebServer - Tomcat started on port 8080 (http) with context path ''
2025-07-08 14:26:15 [main] INFO  com.cgproject.tourguide.backend.BackendApplication - Started BackendApplication in 4.577 seconds (process running for 5.572)
2025-07-08 14:26:26 [http-nio-8080-exec-1] INFO  org.springframework.web.servlet.DispatcherServlet - Initializing Servlet 'dispatcherServlet'
2025-07-08 14:26:26 [http-nio-8080-exec-1] INFO  org.springframework.web.servlet.DispatcherServlet - Completed initialization in 1 ms
2025-07-08 14:26:26 [http-nio-8080-exec-1] INFO  com.cgproject.tourguide.backend.controller.TourController - Fetching all tours
2025-07-08 14:30:38 [SpringApplicationShutdownHook] INFO  org.springframework.orm.jpa.LocalContainerEntityManagerFactoryBean - Closing JPA EntityManagerFactory for persistence unit 'default'
2025-07-08 14:30:44 [main] INFO  com.cgproject.tourguide.backend.BackendApplication - Starting BackendApplication using Java 21.0.7 with PID 13096 (C:\Users\melih\IdeaProjects\TourPlanner\target\classes started by melih in C:\Users\melih\IdeaProjects\TourPlanner)
2025-07-08 14:30:44 [main] DEBUG com.cgproject.tourguide.backend.BackendApplication - Running with Spring Boot v3.2.6, Spring v6.1.8
2025-07-08 14:30:44 [main] INFO  com.cgproject.tourguide.backend.BackendApplication - No active profile set, falling back to 1 default profile: "default"
2025-07-08 14:30:44 [main] INFO  org.springframework.data.repository.config.RepositoryConfigurationDelegate - Bootstrapping Spring Data JPA repositories in DEFAULT mode.
2025-07-08 14:30:44 [main] INFO  org.springframework.data.repository.config.RepositoryConfigurationDelegate - Finished Spring Data repository scanning in 51 ms. Found 2 JPA repository interfaces.
2025-07-08 14:30:45 [main] INFO  org.springframework.boot.web.embedded.tomcat.TomcatWebServer - Tomcat initialized with port 8080 (http)
2025-07-08 14:30:45 [main] INFO  org.springframework.boot.web.servlet.context.ServletWebServerApplicationContext - Root WebApplicationContext: initialization completed in 1231 ms
2025-07-08 14:30:45 [main] INFO  org.springframework.orm.jpa.persistenceunit.SpringPersistenceUnitInfo - No LoadTimeWeaver setup: ignoring JPA class transformer
2025-07-08 14:30:47 [main] INFO  org.springframework.orm.jpa.LocalContainerEntityManagerFactoryBean - Initialized JPA EntityManagerFactory for persistence unit 'default'
2025-07-08 14:30:47 [main] INFO  com.cgproject.tourguide.backend.controller.TourController - TourController initialized
2025-07-08 14:30:47 [main] WARN  org.springframework.boot.autoconfigure.orm.jpa.JpaBaseConfiguration$JpaWebConfiguration - spring.jpa.open-in-view is enabled by default. Therefore, database queries may be performed during view rendering. Explicitly configure spring.jpa.open-in-view to disable this warning
2025-07-08 14:30:48 [main] INFO  org.springframework.boot.web.embedded.tomcat.TomcatWebServer - Tomcat started on port 8080 (http) with context path ''
2025-07-08 14:30:48 [main] INFO  com.cgproject.tourguide.backend.BackendApplication - Started BackendApplication in 4.373 seconds (process running for 5.35)
2025-07-08 14:30:58 [http-nio-8080-exec-1] INFO  org.springframework.web.servlet.DispatcherServlet - Initializing Servlet 'dispatcherServlet'
2025-07-08 14:30:58 [http-nio-8080-exec-1] INFO  org.springframework.web.servlet.DispatcherServlet - Completed initialization in 1 ms
2025-07-08 14:30:58 [http-nio-8080-exec-1] INFO  com.cgproject.tourguide.backend.controller.TourController - Fetching all tours
2025-07-08 14:31:11 [http-nio-8080-exec-5] WARN  org.springframework.web.servlet.mvc.support.DefaultHandlerExceptionResolver - Resolved [org.springframework.web.HttpRequestMethodNotSupportedException: Request method 'PUT' is not supported]
2025-07-08 14:31:15 [http-nio-8080-exec-6] WARN  org.springframework.web.servlet.mvc.support.DefaultHandlerExceptionResolver - Resolved [org.springframework.web.HttpRequestMethodNotSupportedException: Request method 'PUT' is not supported]
2025-07-08 14:33:40 [SpringApplicationShutdownHook] INFO  org.springframework.orm.jpa.LocalContainerEntityManagerFactoryBean - Closing JPA EntityManagerFactory for persistence unit 'default'
2025-07-08 14:39:06 [main] INFO  com.cgproject.tourguide.backend.BackendApplication - Starting BackendApplication using Java 21.0.7 with PID 19696 (C:\Users\melih\IdeaProjects\TourPlanner\target\classes started by melih in C:\Users\melih\IdeaProjects\TourPlanner)
2025-07-08 14:39:06 [main] DEBUG com.cgproject.tourguide.backend.BackendApplication - Running with Spring Boot v3.2.6, Spring v6.1.8
2025-07-08 14:39:06 [main] INFO  com.cgproject.tourguide.backend.BackendApplication - No active profile set, falling back to 1 default profile: "default"
2025-07-08 14:39:06 [main] INFO  org.springframework.data.repository.config.RepositoryConfigurationDelegate - Bootstrapping Spring Data JPA repositories in DEFAULT mode.
2025-07-08 14:39:06 [main] INFO  org.springframework.data.repository.config.RepositoryConfigurationDelegate - Finished Spring Data repository scanning in 51 ms. Found 2 JPA repository interfaces.
2025-07-08 14:39:07 [main] INFO  org.springframework.boot.web.embedded.tomcat.TomcatWebServer - Tomcat initialized with port 8080 (http)
2025-07-08 14:39:07 [main] INFO  org.springframework.boot.web.servlet.context.ServletWebServerApplicationContext - Root WebApplicationContext: initialization completed in 1240 ms
2025-07-08 14:39:08 [main] INFO  org.springframework.orm.jpa.persistenceunit.SpringPersistenceUnitInfo - No LoadTimeWeaver setup: ignoring JPA class transformer
2025-07-08 14:39:09 [main] INFO  org.springframework.orm.jpa.LocalContainerEntityManagerFactoryBean - Initialized JPA EntityManagerFactory for persistence unit 'default'
2025-07-08 14:39:09 [main] INFO  com.cgproject.tourguide.backend.controller.TourController - TourController initialized
2025-07-08 14:39:09 [main] WARN  org.springframework.boot.autoconfigure.orm.jpa.JpaBaseConfiguration$JpaWebConfiguration - spring.jpa.open-in-view is enabled by default. Therefore, database queries may be performed during view rendering. Explicitly configure spring.jpa.open-in-view to disable this warning
2025-07-08 14:39:10 [main] INFO  org.springframework.boot.web.embedded.tomcat.TomcatWebServer - Tomcat started on port 8080 (http) with context path ''
2025-07-08 14:39:10 [main] INFO  com.cgproject.tourguide.backend.BackendApplication - Started BackendApplication in 4.392 seconds (process running for 5.474)
2025-07-08 14:39:17 [http-nio-8080-exec-1] INFO  org.springframework.web.servlet.DispatcherServlet - Initializing Servlet 'dispatcherServlet'
2025-07-08 14:39:17 [http-nio-8080-exec-1] INFO  org.springframework.web.servlet.DispatcherServlet - Completed initialization in 1 ms
2025-07-08 14:39:17 [http-nio-8080-exec-1] INFO  com.cgproject.tourguide.backend.controller.TourController - Fetching all tours
2025-07-08 14:39:37 [http-nio-8080-exec-2] INFO  com.cgproject.tourguide.backend.controller.TourController - Saving new tour: com.cgproject.tourguide.backend.entity.Tour@1fb5a186
2025-07-08 14:39:37 [http-nio-8080-exec-3] INFO  com.cgproject.tourguide.backend.controller.TourController - Fetching all tours
2025-07-08 14:39:37 [http-nio-8080-exec-4] INFO  com.cgproject.tourguide.backend.controller.TourController - Fetching all tours
2025-07-08 14:40:02 [http-nio-8080-exec-7] INFO  com.cgproject.tourguide.backend.controller.TourController - Fetching all tours
2025-07-08 14:40:51 [http-nio-8080-exec-8] INFO  com.cgproject.tourguide.backend.controller.TourController - Fetching all tours
2025-07-08 14:43:59 [SpringApplicationShutdownHook] INFO  org.springframework.orm.jpa.LocalContainerEntityManagerFactoryBean - Closing JPA EntityManagerFactory for persistence unit 'default'
2025-07-08 14:47:03 [main] INFO  com.cgproject.tourguide.backend.BackendApplication - Starting BackendApplication using Java 21.0.7 with PID 15312 (C:\Users\melih\IdeaProjects\TourPlanner\target\classes started by melih in C:\Users\melih\IdeaProjects\TourPlanner)
2025-07-08 14:47:03 [main] DEBUG com.cgproject.tourguide.backend.BackendApplication - Running with Spring Boot v3.2.6, Spring v6.1.8
2025-07-08 14:47:03 [main] INFO  com.cgproject.tourguide.backend.BackendApplication - No active profile set, falling back to 1 default profile: "default"
2025-07-08 14:47:04 [main] INFO  org.springframework.data.repository.config.RepositoryConfigurationDelegate - Bootstrapping Spring Data JPA repositories in DEFAULT mode.
2025-07-08 14:47:04 [main] INFO  org.springframework.data.repository.config.RepositoryConfigurationDelegate - Finished Spring Data repository scanning in 49 ms. Found 2 JPA repository interfaces.
2025-07-08 14:47:04 [main] INFO  org.springframework.boot.web.embedded.tomcat.TomcatWebServer - Tomcat initialized with port 8080 (http)
2025-07-08 14:47:04 [main] INFO  org.springframework.boot.web.servlet.context.ServletWebServerApplicationContext - Root WebApplicationContext: initialization completed in 1278 ms
2025-07-08 14:47:05 [main] INFO  org.springframework.orm.jpa.persistenceunit.SpringPersistenceUnitInfo - No LoadTimeWeaver setup: ignoring JPA class transformer
2025-07-08 14:47:06 [main] INFO  org.springframework.orm.jpa.LocalContainerEntityManagerFactoryBean - Initialized JPA EntityManagerFactory for persistence unit 'default'
2025-07-08 14:47:07 [main] WARN  org.springframework.boot.autoconfigure.orm.jpa.JpaBaseConfiguration$JpaWebConfiguration - spring.jpa.open-in-view is enabled by default. Therefore, database queries may be performed during view rendering. Explicitly configure spring.jpa.open-in-view to disable this warning
2025-07-08 14:47:07 [main] INFO  org.springframework.boot.web.embedded.tomcat.TomcatWebServer - Tomcat started on port 8080 (http) with context path ''
2025-07-08 14:47:07 [main] INFO  com.cgproject.tourguide.backend.BackendApplication - Started BackendApplication in 4.368 seconds (process running for 5.467)
2025-07-08 14:47:18 [http-nio-8080-exec-4] INFO  org.springframework.web.servlet.DispatcherServlet - Initializing Servlet 'dispatcherServlet'
2025-07-08 14:47:18 [http-nio-8080-exec-4] INFO  org.springframework.web.servlet.DispatcherServlet - Completed initialization in 1 ms
2025-07-08 14:47:18 [http-nio-8080-exec-4] INFO  com.cgproject.tourguide.backend.controller.TourController - Fetching all tours
